<?xml version="1.0" encoding="UTF-8"?>
<!-- Generated by org.testng.reporters.JUnitReportReporter -->
<testsuite skipped="0" hostname="DESKTOP-J8HHGEG" name="TestNgsessions.TestNGbBasic" tests="1" failures="0" timestamp="14 Dec 2018 03:29:04 GMT" time="8.144" errors="0">
  <testcase name="verifyPageTitleTest" time="8.144" classname="TestNgsessions.TestNGbBasic"/>
</testsuite> <!-- TestNgsessions.TestNGbBasic -->
