<?xml version="1.0" encoding="UTF-8"?>
<!-- Generated by org.testng.reporters.JUnitReportReporter -->
<testsuite skipped="0" hostname="DESKTOP-J8HHGEG" name="com.selenium.webdriver.AppTest" tests="1" failures="0" timestamp="14 Dec 2018 03:29:04 GMT" time="0.005" errors="0">
  <testcase name="testApp" time="0.005" classname="com.selenium.webdriver.AppTest"/>
</testsuite> <!-- com.selenium.webdriver.AppTest -->
